<?xml version="1.0" encoding="UTF-8"?>
<testng-results ignored="0" total="2" passed="2" failed="0" skipped="0">
  <reporter-output>
  </reporter-output>
  <suite started-at="2021-10-26T22:28:23 IST" name="Test01_GET" finished-at="2021-10-26T22:28:39 IST" duration-ms="16305">
    <groups>
    </groups>
    <test started-at="2021-10-26T22:28:23 IST" name="Command line test" finished-at="2021-10-26T22:28:39 IST" duration-ms="16305">
      <class name="Test01_GET">
        <test-method signature="test_01()[pri:0, instance:Test01_GET@1d9b7cce]" started-at="2021-10-26T22:28:23 IST" name="test_01" finished-at="2021-10-26T22:28:39 IST" duration-ms="15719" status="PASS">
          <reporter-output>
          </reporter-output>
        </test-method> <!-- test_01 -->
        <test-method signature="test_02()[pri:0, instance:Test01_GET@1d9b7cce]" started-at="2021-10-26T22:28:39 IST" name="test_02" finished-at="2021-10-26T22:28:39 IST" duration-ms="274" status="PASS">
          <reporter-output>
          </reporter-output>
        </test-method> <!-- test_02 -->
      </class> <!-- Test01_GET -->
    </test> <!-- Command line test -->
  </suite> <!-- Test01_GET -->
</testng-results>
